
Jan 11, 2024 12:18:46.53 NEW SESSION
Jan 11, 2024 12:18:46.53 [8340:26672:0111/121827.371:ERROR:connection_factory_impl.cc(471)] ConnectionHandler failed with net error: -2

Jan 12, 2024 11:34:23.54 NEW SESSION
Jan 12, 2024 11:34:23.54 [26396:22224:0112/113423.543:ERROR:connection_factory_impl.cc(471)] ConnectionHandler failed with net error: -2
Jan 12, 2024 11:34:23.56 [26396:22224:0112/113423.563:ERROR:connection_factory_impl.cc(428)] Failed to connect to MCS endpoint with error -105
Jan 12, 2024 11:34:36.38 [26396:22224:0112/113436.386:ERROR:connection_factory_impl.cc(428)] Failed to connect to MCS endpoint with error -103
Jan 12, 2024 11:34:38.44 [26396:22224:0112/113438.449:ERROR:connection_factory_impl.cc(428)] Failed to connect to MCS endpoint with error -106
Jan 12, 2024 11:34:43.37 [26396:21844:0112/113443.374:ERROR:device_event_log_impl.cc(192)] [11:34:43.375] USB: usb_service_win.cc:104 SetupDiGetDeviceProperty({{A45C254E-DF1C-4EFD-8020-67D146A850E0}, 6}) failed: Element not found. (0x490)
Jan 12, 2024 11:34:49.16 [26396:22224:0112/113449.158:ERROR:connection_factory_impl.cc(428)] Failed to connect to MCS endpoint with error -105
Jan 12, 2024 11:34:52.19 [26396:22224:0112/113452.191:ERROR:connection_factory_impl.cc(428)] Failed to connect to MCS endpoint with error -105
Jan 12, 2024 11:34:55.10 [26396:22224:0112/113455.103:ERROR:connection_factory_impl.cc(428)] Failed to connect to MCS endpoint with error -105
Jan 12, 2024 11:35:55.93 [26396:22224:0112/113555.930:ERROR:connection_factory_impl.cc(428)] Failed to connect to MCS endpoint with error -106
Jan 12, 2024 11:42:35.15 [26396:22224:0112/114235.156:ERROR:connection_factory_impl.cc(471)] ConnectionHandler failed with net error: -2
Jan 12, 2024 11:57:37.00 [26396:22224:0112/115736.958:ERROR:connection_factory_impl.cc(428)] Failed to connect to MCS endpoint with error -7
Jan 12, 2024 11:58:09.17 [26396:22224:0112/115809.169:ERROR:connection_factory_impl.cc(428)] Failed to connect to MCS endpoint with error -106
Jan 12, 2024 11:59:07.12 [26396:22224:0112/115907.125:ERROR:connection_factory_impl.cc(428)] Failed to connect to MCS endpoint with error -106
Jan 12, 2024 12:03:30.50 [20060:24700:0112/120330.486:ERROR:connection_factory_impl.cc(428)] Failed to connect to MCS endpoint with error -106
Jan 12, 2024 12:11:48.14 [28216:21776:0112/121148.149:ERROR:connection_factory_impl.cc(428)] Failed to connect to MCS endpoint with error -106
Jan 12, 2024 12:12:10.90 [28216:21776:0112/121210.904:ERROR:connection_factory_impl.cc(428)] Failed to connect to MCS endpoint with error -106
Jan 12, 2024 12:12:58.55 [28216:21776:0112/121258.549:ERROR:connection_factory_impl.cc(428)] Failed to connect to MCS endpoint with error -106
Jan 12, 2024 12:20:09.27 [28216:21776:0112/122009.270:ERROR:connection_factory_impl.cc(428)] Failed to connect to MCS endpoint with error -106

Jan 13, 2024 11:57:51.05 NEW SESSION
Jan 13, 2024 11:57:51.05 [25104:21936:0113/115751.053:ERROR:connection_factory_impl.cc(428)] Failed to connect to MCS endpoint with error -106
Jan 13, 2024 12:07:01.79 [24140:7284:0113/120701.799:ERROR:connection_factory_impl.cc(428)] Failed to connect to MCS endpoint with error -106
Jan 13, 2024 12:07:22.28 [24140:7284:0113/120722.279:ERROR:connection_factory_impl.cc(428)] Failed to connect to MCS endpoint with error -106
Jan 13, 2024 12:08:16.27 [24140:7284:0113/120816.269:ERROR:connection_factory_impl.cc(428)] Failed to connect to MCS endpoint with error -106
Jan 13, 2024 12:09:49.71 [24140:7284:0113/120949.716:ERROR:connection_factory_impl.cc(428)] Failed to connect to MCS endpoint with error -106
Jan 13, 2024 12:13:27.53 [24140:7284:0113/121327.538:ERROR:connection_factory_impl.cc(428)] Failed to connect to MCS endpoint with error -106

Jan 17, 2024 11:23:40.01 NEW SESSION
Jan 17, 2024 11:23:40.01 [30180:27084:0117/112340.006:ERROR:connection_factory_impl.cc(428)] Failed to connect to MCS endpoint with error -106
Jan 17, 2024 11:27:06.00 [26668:21756:0117/112705.999:ERROR:connection_factory_impl.cc(428)] Failed to connect to MCS endpoint with error -106
Jan 17, 2024 11:27:32.09 [26668:21756:0117/112732.093:ERROR:connection_factory_impl.cc(428)] Failed to connect to MCS endpoint with error -106
Jan 17, 2024 11:28:20.92 [26668:21756:0117/112820.924:ERROR:connection_factory_impl.cc(428)] Failed to connect to MCS endpoint with error -106
Jan 17, 2024 11:32:39.16 [26668:21756:0117/113239.161:ERROR:connection_factory_impl.cc(428)] Failed to connect to MCS endpoint with error -106
Jan 17, 2024 11:33:14.06 [28860:3564:0117/113314.062:ERROR:connection_factory_impl.cc(428)] Failed to connect to MCS endpoint with error -106
Jan 17, 2024 11:33:39.75 [28860:3564:0117/113339.750:ERROR:connection_factory_impl.cc(428)] Failed to connect to MCS endpoint with error -106
Jan 17, 2024 11:35:45.49 [22836:30336:0117/113545.490:ERROR:connection_factory_impl.cc(428)] Failed to connect to MCS endpoint with error -106
Jan 17, 2024 11:57:59.56 [27816:29968:0117/115759.558:ERROR:connection_factory_impl.cc(428)] Failed to connect to MCS endpoint with error -106
Jan 17, 2024 11:58:21.30 [27816:29968:0117/115821.301:ERROR:connection_factory_impl.cc(428)] Failed to connect to MCS endpoint with error -106
Jan 17, 2024 11:59:05.38 [27816:29968:0117/115905.382:ERROR:connection_factory_impl.cc(428)] Failed to connect to MCS endpoint with error -106
Jan 17, 2024 12:00:43.98 [27816:29968:0117/120043.988:ERROR:connection_factory_impl.cc(428)] Failed to connect to MCS endpoint with error -106
Jan 17, 2024 12:04:40.99 [27816:29968:0117/120440.997:ERROR:connection_factory_impl.cc(428)] Failed to connect to MCS endpoint with error -106
Jan 17, 2024 12:10:43.02 [27816:29968:0117/121043.028:ERROR:connection_factory_impl.cc(428)] Failed to connect to MCS endpoint with error -106
Jan 17, 2024 12:17:38.62 INFO: Created TensorFlow Lite XNNPACK delegate for CPU.
Jan 17, 2024 12:20:43.04 [27816:29968:0117/122043.041:ERROR:connection_factory_impl.cc(428)] Failed to connect to MCS endpoint with error -106
Jan 17, 2024 12:22:28.00 [10580:28544:0117/122228.004:ERROR:connection_factory_impl.cc(428)] Failed to connect to MCS endpoint with error -106
Jan 17, 2024 12:22:28.00 [10580:28544:0117/122228.004:ERROR:registration_request.cc(274)] Registration URL fetching failed.
Jan 17, 2024 12:22:28.00 [10580:28544:0117/122228.004:ERROR:registration_request.cc(274)] Registration URL fetching failed.
Jan 17, 2024 12:22:28.00 [10580:28544:0117/122228.004:ERROR:registration_request.cc(274)] Registration URL fetching failed.
Jan 17, 2024 12:22:28.00 [10580:28544:0117/122228.004:ERROR:registration_request.cc(274)] Registration URL fetching failed.

Jan 18, 2024 11:46:50.37 NEW SESSION
Jan 18, 2024 11:46:50.37 [12512:6192:0118/114650.359:ERROR:connection_factory_impl.cc(428)] Failed to connect to MCS endpoint with error -106
Jan 18, 2024 11:47:22.16 [12136:15140:0118/114722.162:ERROR:connection_factory_impl.cc(428)] Failed to connect to MCS endpoint with error -106
Jan 18, 2024 11:47:46.52 [12136:15140:0118/114746.519:ERROR:connection_factory_impl.cc(428)] Failed to connect to MCS endpoint with error -106
Jan 18, 2024 11:48:56.80 [3416:4044:0118/114856.806:ERROR:connection_factory_impl.cc(428)] Failed to connect to MCS endpoint with error -106
Jan 18, 2024 11:50:36.52 [7588:4400:0118/115036.521:ERROR:connection_factory_impl.cc(428)] Failed to connect to MCS endpoint with error -106
Jan 18, 2024 11:50:56.80 [7588:4400:0118/115056.802:ERROR:connection_factory_impl.cc(428)] Failed to connect to MCS endpoint with error -106
Jan 18, 2024 11:52:47.16 [4312:14216:0118/115247.163:ERROR:connection_factory_impl.cc(428)] Failed to connect to MCS endpoint with error -106
Jan 18, 2024 11:53:11.51 [4312:14216:0118/115311.510:ERROR:connection_factory_impl.cc(428)] Failed to connect to MCS endpoint with error -106
Jan 18, 2024 11:53:54.62 [4312:14216:0118/115354.629:ERROR:connection_factory_impl.cc(428)] Failed to connect to MCS endpoint with error -106
Jan 18, 2024 11:55:48.14 [4312:14216:0118/115548.144:ERROR:connection_factory_impl.cc(428)] Failed to connect to MCS endpoint with error -106
Jan 18, 2024 12:25:32.67 [15084:9648:0118/122532.678:ERROR:connection_factory_impl.cc(428)] Failed to connect to MCS endpoint with error -106
Jan 18, 2024 12:25:55.44 [15084:9648:0118/122555.446:ERROR:connection_factory_impl.cc(428)] Failed to connect to MCS endpoint with error -106
Jan 18, 2024 12:26:54.76 [15084:9648:0118/122654.759:ERROR:connection_factory_impl.cc(428)] Failed to connect to MCS endpoint with error -106
Jan 18, 2024 12:28:46.44 [15084:9648:0118/122846.448:ERROR:connection_factory_impl.cc(428)] Failed to connect to MCS endpoint with error -106

Jan 19, 2024 11:55:33.62 NEW SESSION
Jan 19, 2024 11:55:33.62 [8492:17816:0119/115533.622:ERROR:connection_factory_impl.cc(428)] Failed to connect to MCS endpoint with error -106
Jan 19, 2024 11:55:56.22 [8492:17816:0119/115556.220:ERROR:connection_factory_impl.cc(428)] Failed to connect to MCS endpoint with error -106
Jan 19, 2024 11:56:03.65 [8492:17648:0119/115603.654:ERROR:account_info_fetcher.cc(62)] OnGetTokenFailure: Connection failed (-106).
Jan 19, 2024 11:56:53.43 [8492:17816:0119/115653.437:ERROR:connection_factory_impl.cc(428)] Failed to connect to MCS endpoint with error -106
Jan 19, 2024 11:58:40.42 [8492:17816:0119/115840.426:ERROR:connection_factory_impl.cc(428)] Failed to connect to MCS endpoint with error -106
Jan 19, 2024 12:01:34.45 [8492:17816:0119/120134.453:ERROR:connection_factory_impl.cc(428)] Failed to connect to MCS endpoint with error -106
Jan 19, 2024 12:06:58.37 [4200:8304:0119/120658.372:ERROR:connection_factory_impl.cc(428)] Failed to connect to MCS endpoint with error -106
Jan 19, 2024 12:07:24.03 [4200:8304:0119/120724.036:ERROR:connection_factory_impl.cc(428)] Failed to connect to MCS endpoint with error -106
Jan 19, 2024 12:08:41.85 [17856:10556:0119/120841.852:ERROR:connection_factory_impl.cc(428)] Failed to connect to MCS endpoint with error -106
Jan 19, 2024 12:09:11.54 [17856:10556:0119/120911.547:ERROR:connection_factory_impl.cc(428)] Failed to connect to MCS endpoint with error -106
Jan 19, 2024 12:09:53.32 [17856:10556:0119/120953.327:ERROR:connection_factory_impl.cc(428)] Failed to connect to MCS endpoint with error -106
Jan 19, 2024 12:11:22.11 [17856:10556:0119/121122.118:ERROR:connection_factory_impl.cc(428)] Failed to connect to MCS endpoint with error -106
Jan 19, 2024 12:28:14.22 [3204:15448:0119/122814.218:ERROR:connection_factory_impl.cc(428)] Failed to connect to MCS endpoint with error -106
Jan 19, 2024 12:28:41.98 [3204:15448:0119/122841.981:ERROR:connection_factory_impl.cc(428)] Failed to connect to MCS endpoint with error -106
Jan 19, 2024 12:30:04.31 [3300:13216:0119/123004.317:ERROR:connection_factory_impl.cc(428)] Failed to connect to MCS endpoint with error -106
Jan 19, 2024 12:30:30.48 [3300:13216:0119/123030.485:ERROR:connection_factory_impl.cc(428)] Failed to connect to MCS endpoint with error -106
Jan 19, 2024 12:31:22.20 [3300:13216:0119/123122.202:ERROR:connection_factory_impl.cc(428)] Failed to connect to MCS endpoint with error -106

Jan 20, 2024 10:55:16.65 NEW SESSION
Jan 20, 2024 10:55:16.65 [16932:9052:0120/105516.649:ERROR:connection_factory_impl.cc(428)] Failed to connect to MCS endpoint with error -106
Jan 20, 2024 10:55:37.00 [16932:9052:0120/105537.008:ERROR:connection_factory_impl.cc(428)] Failed to connect to MCS endpoint with error -106
Jan 20, 2024 10:56:26.58 [16932:9052:0120/105626.582:ERROR:connection_factory_impl.cc(428)] Failed to connect to MCS endpoint with error -106
Jan 20, 2024 10:58:07.72 [16932:9052:0120/105807.723:ERROR:connection_factory_impl.cc(428)] Failed to connect to MCS endpoint with error -106
Jan 20, 2024 11:00:57.29 [16372:3044:0120/110057.297:ERROR:connection_factory_impl.cc(428)] Failed to connect to MCS endpoint with error -106
Jan 20, 2024 11:01:23.58 [16372:3044:0120/110123.582:ERROR:connection_factory_impl.cc(428)] Failed to connect to MCS endpoint with error -106
Jan 20, 2024 11:02:24.20 [16476:17572:0120/110224.204:ERROR:connection_factory_impl.cc(428)] Failed to connect to MCS endpoint with error -106
Jan 20, 2024 11:02:49.94 [16476:17572:0120/110249.943:ERROR:connection_factory_impl.cc(428)] Failed to connect to MCS endpoint with error -106
Jan 20, 2024 11:03:14.36 [2352:19248:0120/110314.367:ERROR:connection_factory_impl.cc(428)] Failed to connect to MCS endpoint with error -106
Jan 20, 2024 11:03:36.20 [2352:19248:0120/110336.204:ERROR:connection_factory_impl.cc(428)] Failed to connect to MCS endpoint with error -106
Jan 20, 2024 11:03:49.72 [2352:8908:0120/110349.722:ERROR:CONSOLE(0)] "ReferenceError: dragEvent is not defined", source:  (0)
Jan 20, 2024 11:04:30.30 [16832:17004:0120/110430.303:ERROR:connection_factory_impl.cc(428)] Failed to connect to MCS endpoint with error -106
Jan 20, 2024 11:04:59.35 [16832:17004:0120/110459.359:ERROR:connection_factory_impl.cc(428)] Failed to connect to MCS endpoint with error -106
Jan 20, 2024 11:05:58.47 [16832:17004:0120/110558.477:ERROR:connection_factory_impl.cc(428)] Failed to connect to MCS endpoint with error -106
Jan 20, 2024 11:07:53.88 [16832:17004:0120/110753.884:ERROR:connection_factory_impl.cc(428)] Failed to connect to MCS endpoint with error -106
Jan 20, 2024 11:11:33.91 [16832:17004:0120/111133.909:ERROR:connection_factory_impl.cc(428)] Failed to connect to MCS endpoint with error -106
Jan 20, 2024 11:16:02.49 [16832:4300:0120/111602.494:ERROR:CONSOLE(0)] "ReferenceError: dragEvent is not defined", source:  (0)
Jan 20, 2024 11:16:06.78 [16832:4300:0120/111606.783:ERROR:CONSOLE(0)] "ReferenceError: dragEvent is not defined", source:  (0)
Jan 20, 2024 11:23:49.05 [10052:17696:0120/112349.058:ERROR:connection_factory_impl.cc(428)] Failed to connect to MCS endpoint with error -106
Jan 20, 2024 11:24:12.66 [10052:17696:0120/112412.661:ERROR:connection_factory_impl.cc(428)] Failed to connect to MCS endpoint with error -106
Jan 20, 2024 11:24:57.98 [10052:17696:0120/112457.986:ERROR:connection_factory_impl.cc(428)] Failed to connect to MCS endpoint with error -106
Jan 20, 2024 11:26:56.06 [10052:17696:0120/112656.060:ERROR:connection_factory_impl.cc(428)] Failed to connect to MCS endpoint with error -106
Jan 20, 2024 11:30:01.43 [10052:17696:0120/113001.439:ERROR:connection_factory_impl.cc(428)] Failed to connect to MCS endpoint with error -106
Jan 20, 2024 11:34:01.46 [10052:10896:0120/113401.464:ERROR:interface_endpoint_client.cc(702)] Message 5 rejected by interface blink.mojom.WidgetHost
Jan 20, 2024 11:36:29.97 [10052:17696:0120/113629.973:ERROR:connection_factory_impl.cc(471)] ConnectionHandler failed with net error: -2
Jan 20, 2024 11:36:30.19 [10052:17696:0120/113630.193:ERROR:connection_factory_impl.cc(428)] Failed to connect to MCS endpoint with error -109
Jan 20, 2024 11:37:17.21 [10052:17696:0120/113655.510:ERROR:connection_factory_impl.cc(471)] ConnectionHandler failed with net error: -2
Jan 20, 2024 11:37:36.55 [10052:17696:0120/113736.557:ERROR:connection_factory_impl.cc(428)] Failed to connect to MCS endpoint with error -106
Jan 20, 2024 11:39:31.02 [10052:17696:0120/113931.027:ERROR:connection_factory_impl.cc(428)] Failed to connect to MCS endpoint with error -106
Jan 20, 2024 11:42:49.90 [10052:17696:0120/114249.906:ERROR:connection_factory_impl.cc(428)] Failed to connect to MCS endpoint with error -106
Jan 20, 2024 11:49:36.81 [10052:17696:0120/114936.817:ERROR:connection_factory_impl.cc(428)] Failed to connect to MCS endpoint with error -106
Jan 20, 2024 12:01:53.51 [10052:17696:0120/120153.515:ERROR:connection_factory_impl.cc(428)] Failed to connect to MCS endpoint with error -106
Jan 20, 2024 12:06:35.49 [10052:10896:0120/120635.475:ERROR:account_info_fetcher.cc(62)] OnGetTokenFailure: Connection failed (-331).

Jan 23, 2024 11:06:13.50 NEW SESSION
Jan 23, 2024 11:06:13.50 [12788:15524:0123/110613.501:ERROR:connection_factory_impl.cc(428)] Failed to connect to MCS endpoint with error -106
Jan 23, 2024 11:08:29.35 [16148:16952:0123/110829.356:ERROR:connection_factory_impl.cc(428)] Failed to connect to MCS endpoint with error -106
Jan 23, 2024 11:08:56.14 [16148:16952:0123/110856.142:ERROR:connection_factory_impl.cc(428)] Failed to connect to MCS endpoint with error -106
Jan 23, 2024 11:18:09.32 [14828:15868:0123/111809.321:ERROR:connection_factory_impl.cc(428)] Failed to connect to MCS endpoint with error -106
Jan 23, 2024 11:18:38.14 [14828:15868:0123/111838.141:ERROR:connection_factory_impl.cc(428)] Failed to connect to MCS endpoint with error -106
Jan 23, 2024 11:19:24.69 [14828:15868:0123/111924.695:ERROR:connection_factory_impl.cc(428)] Failed to connect to MCS endpoint with error -106
Jan 23, 2024 11:20:46.55 [14828:15868:0123/112046.556:ERROR:connection_factory_impl.cc(428)] Failed to connect to MCS endpoint with error -106
Jan 23, 2024 11:23:56.74 [14828:15868:0123/112356.747:ERROR:connection_factory_impl.cc(428)] Failed to connect to MCS endpoint with error -106
Jan 23, 2024 11:26:05.77 [14828:15868:0123/112605.766:ERROR:connection_factory_impl.cc(428)] Failed to connect to MCS endpoint with error -105
Jan 23, 2024 11:26:06.28 [14828:15868:0123/112606.287:ERROR:connection_factory_impl.cc(428)] Failed to connect to MCS endpoint with error -105
Jan 23, 2024 11:26:15.61 [14828:15868:0123/112615.616:ERROR:connection_factory_impl.cc(428)] Failed to connect to MCS endpoint with error -105
Jan 23, 2024 11:28:46.74 [14828:15868:0123/112846.749:ERROR:connection_factory_impl.cc(428)] Failed to connect to MCS endpoint with error -106
Jan 23, 2024 11:29:57.08 [14828:15868:0123/112957.078:ERROR:connection_factory_impl.cc(428)] Failed to connect to MCS endpoint with error -106
Jan 23, 2024 11:30:47.79 [14828:15868:0123/113047.799:ERROR:connection_factory_impl.cc(428)] Failed to connect to MCS endpoint with error -106
Jan 23, 2024 11:32:42.45 [14828:15868:0123/113242.449:ERROR:connection_factory_impl.cc(428)] Failed to connect to MCS endpoint with error -106
Jan 23, 2024 11:36:39.58 [14828:15868:0123/113639.587:ERROR:connection_factory_impl.cc(428)] Failed to connect to MCS endpoint with error -106
Jan 23, 2024 11:38:51.41 [16632:5536:0123/113851.417:ERROR:connection_factory_impl.cc(428)] Failed to connect to MCS endpoint with error -106
Jan 23, 2024 11:39:18.61 [16632:5536:0123/113918.610:ERROR:connection_factory_impl.cc(428)] Failed to connect to MCS endpoint with error -106
Jan 23, 2024 12:14:25.43 [16392:19688:0123/121425.433:ERROR:connection_factory_impl.cc(428)] Failed to connect to MCS endpoint with error -106
Jan 23, 2024 12:18:04.13 [14244:5424:0123/121804.135:ERROR:connection_factory_impl.cc(428)] Failed to connect to MCS endpoint with error -106
Jan 23, 2024 12:18:31.38 [14244:5424:0123/121831.379:ERROR:connection_factory_impl.cc(428)] Failed to connect to MCS endpoint with error -106
Jan 23, 2024 12:19:24.13 [14244:5424:0123/121924.128:ERROR:connection_factory_impl.cc(428)] Failed to connect to MCS endpoint with error -106
Jan 23, 2024 12:20:46.27 [14244:5424:0123/122046.271:ERROR:connection_factory_impl.cc(428)] Failed to connect to MCS endpoint with error -106
Jan 23, 2024 12:23:45.61 [20168:16700:0123/122345.616:ERROR:connection_factory_impl.cc(428)] Failed to connect to MCS endpoint with error -106
Jan 23, 2024 12:26:31.81 [8628:13948:0123/122631.814:ERROR:connection_factory_impl.cc(428)] Failed to connect to MCS endpoint with error -106
Jan 23, 2024 12:26:37.04 [8628:13948:0123/122637.040:ERROR:connection_factory_impl.cc(428)] Failed to connect to MCS endpoint with error -106

Jan 25, 2024 12:12:56.13 NEW SESSION
Jan 25, 2024 12:12:56.13 [16148:17188:0125/121256.131:ERROR:connection_factory_impl.cc(428)] Failed to connect to MCS endpoint with error -106
Jan 25, 2024 12:13:25.83 [16148:17188:0125/121325.830:ERROR:connection_factory_impl.cc(428)] Failed to connect to MCS endpoint with error -106
Jan 25, 2024 12:14:03.12 [17264:9980:0125/121403.116:ERROR:connection_factory_impl.cc(428)] Failed to connect to MCS endpoint with error -106
Jan 25, 2024 12:15:07.46 [17584:15904:0125/121507.458:ERROR:connection_factory_impl.cc(428)] Failed to connect to MCS endpoint with error -106
Jan 25, 2024 12:15:53.80 [19544:9668:0125/121553.807:ERROR:connection_factory_impl.cc(428)] Failed to connect to MCS endpoint with error -106

Jan 29, 2024 11:26:37.30 NEW SESSION
Jan 29, 2024 11:26:37.30 [16560:16768:0129/112637.302:ERROR:connection_factory_impl.cc(428)] Failed to connect to MCS endpoint with error -106
Jan 29, 2024 11:42:06.35 [4820:16488:0129/114206.351:ERROR:connection_factory_impl.cc(428)] Failed to connect to MCS endpoint with error -106
Jan 29, 2024 11:42:29.80 [4820:16488:0129/114229.799:ERROR:connection_factory_impl.cc(428)] Failed to connect to MCS endpoint with error -106
Jan 29, 2024 11:43:13.66 [4820:16488:0129/114313.666:ERROR:connection_factory_impl.cc(428)] Failed to connect to MCS endpoint with error -106
Jan 29, 2024 11:44:43.70 [4820:16488:0129/114443.705:ERROR:connection_factory_impl.cc(428)] Failed to connect to MCS endpoint with error -106
Jan 29, 2024 11:48:03.20 [4820:16488:0129/114803.199:ERROR:connection_factory_impl.cc(428)] Failed to connect to MCS endpoint with error -106
Jan 29, 2024 11:49:39.77 [15660:16888:0129/114939.770:ERROR:connection_factory_impl.cc(428)] Failed to connect to MCS endpoint with error -106
Jan 29, 2024 11:50:06.83 [15660:16888:0129/115006.833:ERROR:connection_factory_impl.cc(428)] Failed to connect to MCS endpoint with error -106
Jan 29, 2024 11:50:43.34 [10560:15184:0129/115043.348:ERROR:connection_factory_impl.cc(428)] Failed to connect to MCS endpoint with error -106
Jan 29, 2024 11:51:12.50 [10560:15184:0129/115112.503:ERROR:connection_factory_impl.cc(428)] Failed to connect to MCS endpoint with error -106
Jan 29, 2024 11:51:44.19 [15736:15408:0129/115144.194:ERROR:connection_factory_impl.cc(428)] Failed to connect to MCS endpoint with error -106
Jan 29, 2024 11:52:04.38 [15736:15408:0129/115204.379:ERROR:connection_factory_impl.cc(428)] Failed to connect to MCS endpoint with error -106
Jan 29, 2024 12:24:05.04 [15256:9076:0129/122405.038:ERROR:connection_factory_impl.cc(428)] Failed to connect to MCS endpoint with error -106

Feb 03, 2024 11:07:57.10 NEW SESSION
Feb 03, 2024 11:07:57.10 [9496:10696:0203/110757.100:ERROR:connection_factory_impl.cc(428)] Failed to connect to MCS endpoint with error -106
Feb 03, 2024 11:35:34.33 [17424:9916:0203/113534.330:ERROR:connection_factory_impl.cc(428)] Failed to connect to MCS endpoint with error -106
Feb 03, 2024 11:37:47.30 [10284:21696:0203/113747.300:ERROR:connection_factory_impl.cc(428)] Failed to connect to MCS endpoint with error -106
Feb 03, 2024 11:46:23.09 [14660:4948:0203/114623.097:ERROR:connection_factory_impl.cc(428)] Failed to connect to MCS endpoint with error -106
Feb 03, 2024 11:47:00.89 [812:22620:0203/114700.889:ERROR:connection_factory_impl.cc(428)] Failed to connect to MCS endpoint with error -106
Feb 03, 2024 11:50:12.81 [20852:21848:0203/115012.817:ERROR:connection_factory_impl.cc(428)] Failed to connect to MCS endpoint with error -106
Feb 03, 2024 11:53:12.65 [9768:10956:0203/115312.652:ERROR:connection_factory_impl.cc(428)] Failed to connect to MCS endpoint with error -106
Feb 03, 2024 11:53:33.69 [9768:10956:0203/115333.696:ERROR:connection_factory_impl.cc(428)] Failed to connect to MCS endpoint with error -106
Feb 03, 2024 11:54:58.42 [8736:14036:0203/115458.428:ERROR:connection_factory_impl.cc(428)] Failed to connect to MCS endpoint with error -106
Feb 03, 2024 11:55:58.73 [17032:11704:0203/115558.739:ERROR:connection_factory_impl.cc(428)] Failed to connect to MCS endpoint with error -106
Feb 03, 2024 11:56:27.26 [17032:11704:0203/115627.259:ERROR:connection_factory_impl.cc(428)] Failed to connect to MCS endpoint with error -106
Feb 03, 2024 11:58:55.64 [21836:292:0203/115855.647:ERROR:connection_factory_impl.cc(428)] Failed to connect to MCS endpoint with error -106
Feb 03, 2024 12:01:29.37 [80:17684:0203/120129.372:ERROR:connection_factory_impl.cc(428)] Failed to connect to MCS endpoint with error -106
Feb 03, 2024 12:01:49.84 [80:17684:0203/120149.847:ERROR:connection_factory_impl.cc(428)] Failed to connect to MCS endpoint with error -106
Feb 03, 2024 12:02:46.81 [80:17684:0203/120246.817:ERROR:connection_factory_impl.cc(428)] Failed to connect to MCS endpoint with error -106
Feb 03, 2024 12:04:19.48 [80:17684:0203/120419.487:ERROR:connection_factory_impl.cc(428)] Failed to connect to MCS endpoint with error -106

Feb 05, 2024 10:59:02.95 NEW SESSION
Feb 05, 2024 10:59:02.95 [14784:23292:0205/105902.948:ERROR:get_updates_processor.cc(263)] PostClientToServerMessage() failed during GetUpdates with error Network error (ERR_ABORTED)
Feb 05, 2024 12:39:10.62 [3512:7696:0205/123910.623:ERROR:get_updates_processor.cc(263)] PostClientToServerMessage() failed during GetUpdates with error Network error (ERR_ABORTED)

Feb 06, 2024 11:49:35.67 NEW SESSION
Feb 06, 2024 11:49:35.67 [7784:13048:0206/114935.673:ERROR:connection_factory_impl.cc(428)] Failed to connect to MCS endpoint with error -106
Feb 06, 2024 11:49:58.62 [7784:13048:0206/114958.623:ERROR:connection_factory_impl.cc(428)] Failed to connect to MCS endpoint with error -106
Feb 06, 2024 11:50:45.53 [7784:13048:0206/115045.534:ERROR:connection_factory_impl.cc(428)] Failed to connect to MCS endpoint with error -106
Feb 06, 2024 11:52:18.37 [7784:13048:0206/115218.377:ERROR:connection_factory_impl.cc(428)] Failed to connect to MCS endpoint with error -106
Feb 06, 2024 11:56:02.60 [7784:13048:0206/115602.605:ERROR:connection_factory_impl.cc(428)] Failed to connect to MCS endpoint with error -106
Feb 06, 2024 12:01:32.63 [7784:13048:0206/120132.635:ERROR:connection_factory_impl.cc(428)] Failed to connect to MCS endpoint with error -106
Feb 06, 2024 12:11:32.64 [7784:13048:0206/121132.649:ERROR:connection_factory_impl.cc(428)] Failed to connect to MCS endpoint with error -106
Feb 06, 2024 12:21:32.66 [7784:13048:0206/122132.669:ERROR:connection_factory_impl.cc(428)] Failed to connect to MCS endpoint with error -106
Feb 06, 2024 12:25:59.34 [17756:8924:0206/122559.344:ERROR:connection_factory_impl.cc(428)] Failed to connect to MCS endpoint with error -106
Feb 06, 2024 12:26:27.34 [17756:8924:0206/122627.348:ERROR:connection_factory_impl.cc(428)] Failed to connect to MCS endpoint with error -106

Feb 07, 2024 11:11:08.51 NEW SESSION
Feb 07, 2024 11:11:08.52 [4568:6668:0207/111108.516:ERROR:connection_factory_impl.cc(428)] Failed to connect to MCS endpoint with error -106
Feb 07, 2024 11:11:33.47 [4568:6668:0207/111133.474:ERROR:connection_factory_impl.cc(428)] Failed to connect to MCS endpoint with error -106

Feb 08, 2024 10:54:42.44 NEW SESSION
Feb 08, 2024 10:54:42.44 [17188:14748:0208/105442.445:ERROR:connection_factory_impl.cc(428)] Failed to connect to MCS endpoint with error -106
Feb 08, 2024 10:55:09.67 [17188:14748:0208/105509.676:ERROR:connection_factory_impl.cc(428)] Failed to connect to MCS endpoint with error -106
Feb 08, 2024 11:31:17.39 [25324:5060:0208/113117.388:ERROR:connection_factory_impl.cc(428)] Failed to connect to MCS endpoint with error -106
Feb 08, 2024 11:31:38.97 [25324:5060:0208/113138.968:ERROR:connection_factory_impl.cc(428)] Failed to connect to MCS endpoint with error -106
Feb 08, 2024 11:32:31.47 [25324:5060:0208/113231.478:ERROR:connection_factory_impl.cc(428)] Failed to connect to MCS endpoint with error -106
Feb 08, 2024 11:34:24.36 [25324:5060:0208/113424.362:ERROR:connection_factory_impl.cc(428)] Failed to connect to MCS endpoint with error -106
Feb 08, 2024 11:37:28.24 [25324:5060:0208/113728.243:ERROR:connection_factory_impl.cc(428)] Failed to connect to MCS endpoint with error -106
Feb 08, 2024 11:42:49.48 [14036:15968:0208/114249.488:ERROR:connection_factory_impl.cc(428)] Failed to connect to MCS endpoint with error -106
Feb 08, 2024 11:43:38.77 [10176:6240:0208/114338.770:ERROR:connection_factory_impl.cc(428)] Failed to connect to MCS endpoint with error -106
Feb 08, 2024 11:43:58.99 [10176:6240:0208/114358.991:ERROR:connection_factory_impl.cc(428)] Failed to connect to MCS endpoint with error -106
Feb 08, 2024 11:45:35.07 [17764:21796:0208/114535.073:ERROR:connection_factory_impl.cc(428)] Failed to connect to MCS endpoint with error -106
Feb 08, 2024 11:46:04.63 [17764:21796:0208/114604.635:ERROR:connection_factory_impl.cc(428)] Failed to connect to MCS endpoint with error -106
Feb 08, 2024 11:46:48.73 [17764:21796:0208/114648.736:ERROR:connection_factory_impl.cc(428)] Failed to connect to MCS endpoint with error -106
Feb 08, 2024 11:48:45.40 [17764:21796:0208/114845.401:ERROR:connection_factory_impl.cc(428)] Failed to connect to MCS endpoint with error -106
Feb 08, 2024 11:50:11.04 [15384:8760:0208/115011.046:ERROR:connection_factory_impl.cc(428)] Failed to connect to MCS endpoint with error -106
Feb 08, 2024 11:50:31.71 [15384:8760:0208/115031.717:ERROR:connection_factory_impl.cc(428)] Failed to connect to MCS endpoint with error -106

Feb 14, 2024 11:01:34.43 NEW SESSION
Feb 14, 2024 11:01:34.43 [16868:5536:0214/110134.418:ERROR:connection_factory_impl.cc(428)] Failed to connect to MCS endpoint with error -106
Feb 14, 2024 11:01:35.04 INFO: Created TensorFlow Lite XNNPACK delegate for CPU.
Feb 14, 2024 11:01:56.70 [16868:5536:0214/110156.704:ERROR:connection_factory_impl.cc(428)] Failed to connect to MCS endpoint with error -106
Feb 14, 2024 11:02:50.70 [16868:5536:0214/110250.700:ERROR:connection_factory_impl.cc(428)] Failed to connect to MCS endpoint with error -106
